01:00:50.877 [main] INFO  com.tdu.run.Application - Starting Application on tangdu.local with PID 18477 (started by tangdu in /Users/tangdu/mystudy/javaspace/simple-boot/build/libs)
01:00:50.882 [main] INFO  com.tdu.run.Application - No active profile set, falling back to default profiles: default
01:00:51.300 [background-preinit] INFO  o.h.validator.internal.util.Version - HV000001: Hibernate Validator 5.2.4.Final
01:00:51.301 [main] INFO  o.s.b.c.e.AnnotationConfigEmbeddedWebApplicationContext - Refreshing org.springframework.boot.context.embedded.AnnotationConfigEmbeddedWebApplicationContext@1647b29c: startup date [Wed Jun 15 01:00:51 CST 2016]; root of context hierarchy
01:00:53.432 [main] INFO  o.s.c.s.PostProcessorRegistrationDelegate$BeanPostProcessorChecker - Bean 'org.springframework.transaction.annotation.ProxyTransactionManagementConfiguration' of type [class org.springframework.transaction.annotation.ProxyTransactionManagementConfiguration$$EnhancerBySpringCGLIB$$2bba6303] is not eligible for getting processed by all BeanPostProcessors (for example: not eligible for auto-proxying)
01:00:53.649 [main] INFO  o.s.c.s.PostProcessorRegistrationDelegate$BeanPostProcessorChecker - Bean 'org.springframework.cache.annotation.ProxyCachingConfiguration' of type [class org.springframework.cache.annotation.ProxyCachingConfiguration$$EnhancerBySpringCGLIB$$74cc9921] is not eligible for getting processed by all BeanPostProcessors (for example: not eligible for auto-proxying)
01:00:54.344 [main] INFO  org.xnio - XNIO version 3.3.6.Final
01:00:54.387 [main] INFO  org.xnio.nio - XNIO NIO Implementation Version 3.3.6.Final
01:00:54.497 [main] WARN  io.undertow.websockets.jsr - UT026009: XNIO worker was not set on WebSocketDeploymentInfo, the default worker will be used
01:00:54.497 [main] WARN  io.undertow.websockets.jsr - UT026010: Buffer pool was not set on WebSocketDeploymentInfo, the default pool will be used
01:00:54.517 [main] INFO  io.undertow.servlet - Initializing Spring embedded WebApplicationContext
01:00:54.518 [main] INFO  o.s.web.context.ContextLoader - Root WebApplicationContext: initialization completed in 3217 ms
01:00:55.736 [main] INFO  o.s.b.c.e.ServletRegistrationBean - Mapping servlet: 'dispatcherServlet' to [/]
01:00:55.743 [main] INFO  o.s.b.c.e.ServletRegistrationBean - Mapping servlet: 'statViewServlet' to [/druid/*]
01:00:55.743 [main] INFO  o.s.b.c.e.ServletRegistrationBean - Mapping servlet: 'com.tdu.simple.servlet.TraceServlet' to [/boot_trace/*]
01:00:55.746 [main] INFO  o.s.b.c.e.FilterRegistrationBean - Mapping filter: 'metricFilter' to: [/*]
01:00:55.749 [main] INFO  o.s.b.c.e.FilterRegistrationBean - Mapping filter: 'characterEncodingFilter' to: [/*]
01:00:55.749 [main] INFO  o.s.b.c.e.FilterRegistrationBean - Mapping filter: 'hiddenHttpMethodFilter' to: [/*]
01:00:55.749 [main] INFO  o.s.b.c.e.FilterRegistrationBean - Mapping filter: 'httpPutFormContentFilter' to: [/*]
01:00:55.749 [main] INFO  o.s.b.c.e.FilterRegistrationBean - Mapping filter: 'requestContextFilter' to: [/*]
01:00:55.749 [main] INFO  o.s.b.c.e.FilterRegistrationBean - Mapping filter: 'webRequestLoggingFilter' to: [/*]
01:00:55.750 [main] INFO  o.s.b.c.e.FilterRegistrationBean - Mapping filter: 'webStatFilter' to: [/*]
01:00:55.750 [main] INFO  o.s.b.c.e.FilterRegistrationBean - Mapping filter: 'applicationContextIdFilter' to: [/*]
01:00:56.414 [main] INFO  o.s.w.s.m.m.a.RequestMappingHandlerAdapter - Looking for @ControllerAdvice: org.springframework.boot.context.embedded.AnnotationConfigEmbeddedWebApplicationContext@1647b29c: startup date [Wed Jun 15 01:00:51 CST 2016]; root of context hierarchy
01:00:56.557 [main] INFO  o.s.w.s.m.m.a.RequestMappingHandlerMapping - Mapped "{[/index || /]}" onto public java.lang.String com.tdu.simple.web.IndexController.index()
01:00:56.560 [main] INFO  o.s.w.s.m.m.a.RequestMappingHandlerMapping - Mapped "{[/error]}" onto public org.springframework.http.ResponseEntity<java.util.Map<java.lang.String, java.lang.Object>> org.springframework.boot.autoconfigure.web.BasicErrorController.error(javax.servlet.http.HttpServletRequest)
01:00:56.560 [main] INFO  o.s.w.s.m.m.a.RequestMappingHandlerMapping - Mapped "{[/error],produces=[text/html]}" onto public org.springframework.web.servlet.ModelAndView org.springframework.boot.autoconfigure.web.BasicErrorController.errorHtml(javax.servlet.http.HttpServletRequest,javax.servlet.http.HttpServletResponse)
01:00:56.679 [main] INFO  o.s.w.s.h.SimpleUrlHandlerMapping - Mapped URL path [/webjars/**] onto handler of type [class org.springframework.web.servlet.resource.ResourceHttpRequestHandler]
01:00:56.679 [main] INFO  o.s.w.s.h.SimpleUrlHandlerMapping - Mapped URL path [/**] onto handler of type [class org.springframework.web.servlet.resource.ResourceHttpRequestHandler]
01:00:57.078 [main] INFO  o.s.c.e.EhCacheManagerFactoryBean - Initializing EhCache CacheManager
01:00:57.492 [main] INFO  org.crsh.plugin.PluginManager - Loaded plugin Plugin[type=SSHPlugin,interface=SSHPlugin]
01:00:57.496 [main] INFO  org.crsh.plugin.PluginManager - Loaded plugin Plugin[type=SSHInlinePlugin,interface=CommandPlugin]
01:00:57.498 [main] INFO  org.crsh.plugin.PluginManager - Loaded plugin Plugin[type=KeyAuthenticationPlugin,interface=KeyAuthenticationPlugin]
01:00:57.514 [main] INFO  org.crsh.plugin.PluginManager - Loaded plugin Plugin[type=CronPlugin,interface=CronPlugin]
01:00:57.520 [main] INFO  org.crsh.plugin.PluginManager - Loaded plugin Plugin[type=MailPlugin,interface=MailPlugin]
01:00:57.523 [main] INFO  org.crsh.plugin.PluginManager - Loaded plugin Plugin[type=CRaSHShellFactory,interface=ShellFactory]
01:00:57.526 [main] INFO  org.crsh.plugin.PluginManager - Loaded plugin Plugin[type=GroovyLanguageProxy,interface=Language]
01:00:57.529 [main] INFO  org.crsh.plugin.PluginManager - Loaded plugin Plugin[type=JavaLanguage,interface=Language]
01:00:57.532 [main] INFO  org.crsh.plugin.PluginManager - Loaded plugin Plugin[type=ScriptLanguage,interface=Language]
01:00:57.534 [main] INFO  org.crsh.plugin.PluginManager - Loaded plugin Plugin[type=JaasAuthenticationPlugin,interface=AuthenticationPlugin]
01:00:57.535 [main] INFO  org.crsh.plugin.PluginManager - Loaded plugin Plugin[type=SimpleAuthenticationPlugin,interface=AuthenticationPlugin]
01:00:57.537 [main] INFO  o.s.b.a.a.CrshAutoConfiguration$CrshBootstrapBean - Configuring property ssh.port=2000 from properties
01:00:57.538 [main] INFO  o.s.b.a.a.CrshAutoConfiguration$CrshBootstrapBean - Configuring property ssh.auth_timeout=600000 from properties
01:00:57.538 [main] INFO  o.s.b.a.a.CrshAutoConfiguration$CrshBootstrapBean - Configuring property ssh.idle_timeout=600000 from properties
01:00:57.538 [main] INFO  o.s.b.a.a.CrshAutoConfiguration$CrshBootstrapBean - Configuring property ssh.default_encoding=UTF-8 from properties
01:00:57.538 [main] INFO  o.s.b.a.a.CrshAutoConfiguration$CrshBootstrapBean - Configuring property auth=simple from properties
01:00:57.538 [main] INFO  o.s.b.a.a.CrshAutoConfiguration$CrshBootstrapBean - Configuring property auth.simple.username=admin from properties
01:00:57.539 [main] INFO  o.s.b.a.a.CrshAutoConfiguration$CrshBootstrapBean - Configuring property auth.simple.password=admin from properties
01:00:57.550 [main] INFO  org.crsh.plugin.PluginManager - Initialized plugin Plugin[type=KeyAuthenticationPlugin,interface=KeyAuthenticationPlugin]
01:00:57.550 [main] INFO  org.crsh.plugin.PluginManager - Initialized plugin Plugin[type=JaasAuthenticationPlugin,interface=AuthenticationPlugin]
01:00:57.550 [main] INFO  org.crsh.plugin.PluginManager - Initialized plugin Plugin[type=SimpleAuthenticationPlugin,interface=AuthenticationPlugin]
01:00:57.550 [main] INFO  org.crsh.ssh.SSHPlugin - Booting SSHD
01:00:57.599 [main] INFO  org.crsh.plugin.PluginManager - Initialized plugin Plugin[type=GroovyLanguageProxy,interface=Language]
01:00:57.605 [main] INFO  org.crsh.plugin.PluginManager - Initialized plugin Plugin[type=JavaLanguage,interface=Language]
01:00:57.605 [main] INFO  org.crsh.plugin.PluginManager - Initialized plugin Plugin[type=ScriptLanguage,interface=Language]
01:00:57.621 [main] INFO  org.crsh.plugin.PluginManager - Initialized plugin Plugin[type=CRaSHShellFactory,interface=ShellFactory]
01:00:57.735 [main] INFO  o.a.sshd.common.util.SecurityUtils - Trying to register BouncyCastle as a JCE provider
01:00:59.034 [main] INFO  o.a.sshd.common.util.SecurityUtils - Registration succeeded
01:00:59.157 [main] INFO  org.crsh.ssh.term.SSHLifeCycle - About to start CRaSSHD
01:00:59.186 [main] INFO  org.crsh.ssh.term.SSHLifeCycle - CRaSSHD started on port 2000
01:00:59.186 [main] INFO  org.crsh.plugin.PluginManager - Initialized plugin Plugin[type=SSHPlugin,interface=SSHPlugin]
01:00:59.186 [main] INFO  org.crsh.plugin.PluginManager - Initialized plugin Plugin[type=SSHInlinePlugin,interface=CommandPlugin]
01:00:59.187 [main] INFO  org.crsh.plugin.PluginManager - Initialized plugin Plugin[type=CronPlugin,interface=CronPlugin]
01:00:59.187 [main] INFO  org.crsh.plugin.PluginManager - Initialized plugin Plugin[type=MailPlugin,interface=MailPlugin]
01:00:59.435 [main] INFO  o.f.c.internal.util.VersionPrinter - Flyway 3.2.1 by Boxfuse
01:00:59.532 [main] INFO  c.alibaba.druid.pool.DruidDataSource - {dataSource-1} inited
01:00:59.748 [main] INFO  o.f.c.i.dbsupport.DbSupportFactory - Database: jdbc:mysql://localhost:3306/test?useUnicode=true&characterEncoding=UTF-8&autoReconnect=true (MySQL 5.6)
01:00:59.915 [main] INFO  o.f.core.internal.command.DbValidate - Validated 3 migrations (execution time 00:00.148s)
01:00:59.978 [main] INFO  o.f.core.internal.command.DbMigrate - Current version of schema `test`: 1.0.0.20150128
01:00:59.979 [main] INFO  o.f.core.internal.command.DbMigrate - Schema `test` is up to date. No migration necessary.
01:01:00.750 [main] INFO  o.s.b.a.e.mvc.EndpointHandlerMapping - Mapped "{[/flyway || /flyway.json],methods=[GET],produces=[application/json]}" onto public java.lang.Object org.springframework.boot.actuate.endpoint.mvc.EndpointMvcAdapter.invoke()
01:01:00.751 [main] INFO  o.s.b.a.e.mvc.EndpointHandlerMapping - Mapped "{[/health || /health.json],produces=[application/json]}" onto public java.lang.Object org.springframework.boot.actuate.endpoint.mvc.HealthMvcEndpoint.invoke(java.security.Principal)
01:01:00.752 [main] INFO  o.s.b.a.e.mvc.EndpointHandlerMapping - Mapped "{[/metrics/{name:.*}],methods=[GET],produces=[application/json]}" onto public java.lang.Object org.springframework.boot.actuate.endpoint.mvc.MetricsMvcEndpoint.value(java.lang.String)
01:01:00.752 [main] INFO  o.s.b.a.e.mvc.EndpointHandlerMapping - Mapped "{[/metrics || /metrics.json],methods=[GET],produces=[application/json]}" onto public java.lang.Object org.springframework.boot.actuate.endpoint.mvc.EndpointMvcAdapter.invoke()
01:01:00.753 [main] INFO  o.s.b.a.e.mvc.EndpointHandlerMapping - Mapped "{[/autoconfig || /autoconfig.json],methods=[GET],produces=[application/json]}" onto public java.lang.Object org.springframework.boot.actuate.endpoint.mvc.EndpointMvcAdapter.invoke()
01:01:00.754 [main] INFO  o.s.b.a.e.mvc.EndpointHandlerMapping - Mapped "{[/trace || /trace.json],methods=[GET],produces=[application/json]}" onto public java.lang.Object org.springframework.boot.actuate.endpoint.mvc.EndpointMvcAdapter.invoke()
01:01:00.756 [main] INFO  o.s.b.a.e.mvc.EndpointHandlerMapping - Mapped "{[/mappings || /mappings.json],methods=[GET],produces=[application/json]}" onto public java.lang.Object org.springframework.boot.actuate.endpoint.mvc.EndpointMvcAdapter.invoke()
01:01:00.757 [main] INFO  o.s.b.a.e.mvc.EndpointHandlerMapping - Mapped "{[/dump || /dump.json],methods=[GET],produces=[application/json]}" onto public java.lang.Object org.springframework.boot.actuate.endpoint.mvc.EndpointMvcAdapter.invoke()
01:01:00.758 [main] INFO  o.s.b.a.e.mvc.EndpointHandlerMapping - Mapped "{[/beans || /beans.json],methods=[GET],produces=[application/json]}" onto public java.lang.Object org.springframework.boot.actuate.endpoint.mvc.EndpointMvcAdapter.invoke()
01:01:00.758 [main] INFO  o.s.b.a.e.mvc.EndpointHandlerMapping - Mapped "{[/info || /info.json],methods=[GET],produces=[application/json]}" onto public java.lang.Object org.springframework.boot.actuate.endpoint.mvc.EndpointMvcAdapter.invoke()
01:01:00.759 [main] INFO  o.s.b.a.e.mvc.EndpointHandlerMapping - Mapped "{[/configprops || /configprops.json],methods=[GET],produces=[application/json]}" onto public java.lang.Object org.springframework.boot.actuate.endpoint.mvc.EndpointMvcAdapter.invoke()
01:01:00.760 [main] INFO  o.s.b.a.e.mvc.EndpointHandlerMapping - Mapped "{[/env/{name:.*}],methods=[GET],produces=[application/json]}" onto public java.lang.Object org.springframework.boot.actuate.endpoint.mvc.EnvironmentMvcEndpoint.value(java.lang.String)
01:01:00.760 [main] INFO  o.s.b.a.e.mvc.EndpointHandlerMapping - Mapped "{[/env || /env.json],methods=[GET],produces=[application/json]}" onto public java.lang.Object org.springframework.boot.actuate.endpoint.mvc.EndpointMvcAdapter.invoke()
01:01:01.144 [main] INFO  o.s.j.e.a.AnnotationMBeanExporter - Registering beans for JMX exposure on startup
01:01:01.146 [main] INFO  o.s.j.e.a.AnnotationMBeanExporter - Bean with name 'druidDataSource' has been autodetected for JMX exposure
01:01:01.153 [main] INFO  o.s.j.e.a.AnnotationMBeanExporter - Located MBean 'druidDataSource': registering with JMX server as MBean [com.alibaba.druid.pool:name=druidDataSource,type=DruidDataSource]
01:01:01.154 [main] INFO  o.s.b.a.e.jmx.EndpointMBeanExporter - Registering beans for JMX exposure on startup
01:01:01.157 [main] INFO  o.s.c.s.DefaultLifecycleProcessor - Starting beans in phase 0
01:01:01.159 [main] INFO  o.s.b.a.e.jmx.EndpointMBeanExporter - Located managed bean 'requestMappingEndpoint': registering with JMX server as MBean [org.springframework.boot:type=Endpoint,name=requestMappingEndpoint]
01:01:01.225 [main] INFO  o.s.b.a.e.jmx.EndpointMBeanExporter - Located managed bean 'flywayEndpoint': registering with JMX server as MBean [org.springframework.boot:type=Endpoint,name=flywayEndpoint]
01:01:01.240 [main] INFO  o.s.b.a.e.jmx.EndpointMBeanExporter - Located managed bean 'environmentEndpoint': registering with JMX server as MBean [org.springframework.boot:type=Endpoint,name=environmentEndpoint]
01:01:01.245 [main] INFO  o.s.b.a.e.jmx.EndpointMBeanExporter - Located managed bean 'healthEndpoint': registering with JMX server as MBean [org.springframework.boot:type=Endpoint,name=healthEndpoint]
01:01:01.254 [main] INFO  o.s.b.a.e.jmx.EndpointMBeanExporter - Located managed bean 'beansEndpoint': registering with JMX server as MBean [org.springframework.boot:type=Endpoint,name=beansEndpoint]
01:01:01.260 [main] INFO  o.s.b.a.e.jmx.EndpointMBeanExporter - Located managed bean 'infoEndpoint': registering with JMX server as MBean [org.springframework.boot:type=Endpoint,name=infoEndpoint]
01:01:01.267 [main] INFO  o.s.b.a.e.jmx.EndpointMBeanExporter - Located managed bean 'metricsEndpoint': registering with JMX server as MBean [org.springframework.boot:type=Endpoint,name=metricsEndpoint]
01:01:01.277 [main] INFO  o.s.b.a.e.jmx.EndpointMBeanExporter - Located managed bean 'traceEndpoint': registering with JMX server as MBean [org.springframework.boot:type=Endpoint,name=traceEndpoint]
01:01:01.291 [main] INFO  o.s.b.a.e.jmx.EndpointMBeanExporter - Located managed bean 'dumpEndpoint': registering with JMX server as MBean [org.springframework.boot:type=Endpoint,name=dumpEndpoint]
01:01:01.298 [main] INFO  o.s.b.a.e.jmx.EndpointMBeanExporter - Located managed bean 'autoConfigurationReportEndpoint': registering with JMX server as MBean [org.springframework.boot:type=Endpoint,name=autoConfigurationReportEndpoint]
01:01:01.305 [main] INFO  o.s.b.a.e.jmx.EndpointMBeanExporter - Located managed bean 'configurationPropertiesReportEndpoint': registering with JMX server as MBean [org.springframework.boot:type=Endpoint,name=configurationPropertiesReportEndpoint]
01:01:01.416 [main] INFO  o.s.b.c.e.u.UndertowEmbeddedServletContainer - Undertow started on port(s) 9096 (http)
01:01:01.422 [main] INFO  com.tdu.run.Application - Started Application in 10.956 seconds (JVM running for 12.142)
01:01:02.816 [Thread-7] INFO  o.s.b.c.e.AnnotationConfigEmbeddedWebApplicationContext - Closing org.springframework.boot.context.embedded.AnnotationConfigEmbeddedWebApplicationContext@1647b29c: startup date [Wed Jun 15 01:00:51 CST 2016]; root of context hierarchy
01:01:02.819 [Thread-7] INFO  o.s.c.s.DefaultLifecycleProcessor - Stopping beans in phase 0
01:01:02.823 [Thread-7] INFO  o.s.b.a.e.jmx.EndpointMBeanExporter - Unregistering JMX-exposed beans on shutdown
01:01:02.824 [Thread-7] INFO  o.s.b.a.e.jmx.EndpointMBeanExporter - Unregistering JMX-exposed beans
01:01:02.827 [Thread-7] INFO  o.s.j.e.a.AnnotationMBeanExporter - Unregistering JMX-exposed beans on shutdown
01:01:02.827 [Thread-7] INFO  o.s.j.e.a.AnnotationMBeanExporter - Unregistering JMX-exposed beans
01:01:02.841 [Thread-7] INFO  o.s.c.e.EhCacheManagerFactoryBean - Shutting down EhCache CacheManager
01:01:02.847 [Thread-7] INFO  c.alibaba.druid.pool.DruidDataSource - {dataSource-1} closed
